[11:11:52.134] Global cache location '/home/croy/.cache/typescript/4.6', safe file path '/home/croy/Perso/rails/React-app/acf-app/node_modules/typescript/lib/typingSafeList.json', types map path /home/croy/Perso/rails/React-app/acf-app/node_modules/typescript/lib/typesMap.json
[11:11:52.135] Processing cache location '/home/croy/.cache/typescript/4.6'
[11:11:52.135] Trying to find '/home/croy/.cache/typescript/4.6/package.json'...
[11:11:52.137] Loaded content of '/home/croy/.cache/typescript/4.6/package.json': {"private":true,"dependencies":{"types-registry":"^0.1.589"},"devDependencies":{"@types/electron-devtools-installer":"^2.2.1","@types/eslint":"^8.4.1","@types/eslint-config-prettier":"^6.11.0","@types/prettier":"^2.6.0","@types/react":"^18.0.6","@types/react-dom":"^18.0.2","@types/testing-library__jest-dom":"^5.14.3"}}
[11:11:52.138] Loaded content of '/home/croy/.cache/typescript/4.6/package-lock.json'
[11:11:52.156] Adding entry into typings cache: 'electron-devtools-installer' => '/home/croy/.cache/typescript/4.6/node_modules/@types/electron-devtools-installer/index.d.ts'
[11:11:52.163] Adding entry into typings cache: 'eslint' => '/home/croy/.cache/typescript/4.6/node_modules/@types/eslint/index.d.ts'
[11:11:52.165] Adding entry into typings cache: 'eslint-config-prettier' => '/home/croy/.cache/typescript/4.6/node_modules/@types/eslint-config-prettier/index.d.ts'
[11:11:52.169] Adding entry into typings cache: 'prettier' => '/home/croy/.cache/typescript/4.6/node_modules/@types/prettier/index.d.ts'
[11:11:52.180] Adding entry into typings cache: 'react' => '/home/croy/.cache/typescript/4.6/node_modules/@types/react/index.d.ts'
[11:11:52.187] Adding entry into typings cache: 'react-dom' => '/home/croy/.cache/typescript/4.6/node_modules/@types/react-dom/index.d.ts'
[11:11:52.190] Adding entry into typings cache: 'testing-library__jest-dom' => '/home/croy/.cache/typescript/4.6/node_modules/@types/testing-library__jest-dom/index.d.ts'
[11:11:52.191] Finished processing cache location '/home/croy/.cache/typescript/4.6'
[11:11:52.191] Process id: 9302
[11:11:52.191] NPM location: /usr/bin/npm (explicit '--npmLocation' not  provided)
[11:11:52.191] validateDefaultNpmLocation: false
[11:11:52.192] Npm config file: /home/croy/.cache/typescript/4.6/package.json
[11:11:52.192] Updating types-registry npm package...
[11:11:52.192] Exec: /usr/bin/npm install --ignore-scripts types-registry@latest
[11:11:53.417]     Succeeded. stdout:
    
    up to date, audited 29 packages in 726ms

3 packages are looking for funding
  run `npm fund` for details

found 0 vulnerabilities

[11:11:53.417] Updated types-registry npm package
